<?xml version="1.0" encoding="UTF-8"?>
<robot generator="Robot 3.2.1 (Python 3.8.3 on darwin)" generated="20200618 22:48:02.590" rpa="false">
<suite id="s1" name="Tests" source="/Users/siddharth/PycharmProjects/RobotFW/Tests">
<suite id="s1-s1" name="ArgumentsDemo" source="/Users/siddharth/PycharmProjects/RobotFW/Tests/ArgumentsDemo.robot">
<test id="s1-s1-t1" name="Arguments Demo Keyword test">
<kw name="Arguments Demo Keyword">
<arguments>
<arg>Quality</arg>
<arg>Koder</arg>
</arguments>
<kw name="Log" library="BuiltIn">
<doc>Logs the given message with the given level.</doc>
<arguments>
<arg>${arg1}</arg>
</arguments>
<msg timestamp="20200618 22:48:02.610" level="INFO">Quality</msg>
<status status="PASS" starttime="20200618 22:48:02.610" endtime="20200618 22:48:02.610"></status>
</kw>
<kw name="Log" library="BuiltIn">
<doc>Logs the given message with the given level.</doc>
<arguments>
<arg>${arg2}</arg>
</arguments>
<msg timestamp="20200618 22:48:02.611" level="INFO">Koder</msg>
<status status="PASS" starttime="20200618 22:48:02.611" endtime="20200618 22:48:02.611"></status>
</kw>
<status status="PASS" starttime="20200618 22:48:02.610" endtime="20200618 22:48:02.611"></status>
</kw>
<status status="PASS" starttime="20200618 22:48:02.609" endtime="20200618 22:48:02.611" critical="yes"></status>
</test>
<status status="PASS" starttime="20200618 22:48:02.608" endtime="20200618 22:48:02.611"></status>
</suite>
<suite id="s1-s2" name="eBay" source="/Users/siddharth/PycharmProjects/RobotFW/Tests/eBay">
<suite id="s1-s2-s1" name="BasicSearch" source="/Users/siddharth/PycharmProjects/RobotFW/Tests/eBay/BasicSearch.robot">
<test id="s1-s2-s1-t1" name="Verify Basic Search Functionality Ebay">
<kw name="Start TestCase" library="common_functionality" type="setup">
<kw name="Open Browser" library="SeleniumLibrary">
<doc>Opens a new browser instance to the optional ``url``.</doc>
<arguments>
<arg>${url}</arg>
<arg>${browser}</arg>
</arguments>
<msg timestamp="20200618 22:48:02.742" level="INFO">Opening browser 'chrome' to base url 'https://www.ebay.com'.</msg>
<status status="PASS" starttime="20200618 22:48:02.741" endtime="20200618 22:48:06.753"></status>
</kw>
<kw name="Maximize Browser Window" library="SeleniumLibrary">
<doc>Maximizes current browser window.</doc>
<status status="PASS" starttime="20200618 22:48:06.754" endtime="20200618 22:48:06.924"></status>
</kw>
<status status="PASS" starttime="20200618 22:48:02.741" endtime="20200618 22:48:06.924"></status>
</kw>
<kw name="Input Search Text and Click Search" library="HeaderPage">
<arguments>
<arg>mobile</arg>
</arguments>
<kw name="Input Text" library="SeleniumLibrary">
<doc>Types the given ``text`` into the text field identified by ``locator``.</doc>
<arguments>
<arg>//*[@id="gh-ac"]</arg>
<arg>${search_text}</arg>
</arguments>
<msg timestamp="20200618 22:48:06.925" level="INFO">Typing text 'mobile' into text field '//*[@id="gh-ac"]'.</msg>
<status status="PASS" starttime="20200618 22:48:06.925" endtime="20200618 22:48:07.057"></status>
</kw>
<kw name="Press Keys" library="SeleniumLibrary">
<doc>Simulates the user pressing key(s) to an element or on the active browser.</doc>
<arguments>
<arg>//*[@id="gh-btn"]</arg>
<arg>[Return]</arg>
</arguments>
<msg timestamp="20200618 22:48:07.058" level="INFO">Sending key(s) ('[Return]',) to //*[@id="gh-btn"] element.</msg>
<msg timestamp="20200618 22:48:09.407" level="INFO">Sending keys [Return]</msg>
<status status="PASS" starttime="20200618 22:48:07.058" endtime="20200618 22:48:09.422"></status>
</kw>
<status status="PASS" starttime="20200618 22:48:06.925" endtime="20200618 22:48:09.422"></status>
</kw>
<kw name="Verify Search Results" library="SearchResultPage">
<arguments>
<arg>mobile</arg>
</arguments>
<kw name="Page Should Contain" library="SeleniumLibrary">
<doc>Verifies that current page contains ``text``.</doc>
<arguments>
<arg>${search_result} ${search_text}</arg>
</arguments>
<msg timestamp="20200618 22:48:09.439" level="INFO">Current page contains text 'results for mobile'.</msg>
<status status="PASS" starttime="20200618 22:48:09.422" endtime="20200618 22:48:09.439"></status>
</kw>
<status status="PASS" starttime="20200618 22:48:09.422" endtime="20200618 22:48:09.439"></status>
</kw>
<kw name="Finish TestCase" library="common_functionality" type="teardown">
<kw name="Close Browser" library="SeleniumLibrary">
<doc>Closes the current browser.</doc>
<status status="PASS" starttime="20200618 22:48:09.440" endtime="20200618 22:48:09.522"></status>
</kw>
<status status="PASS" starttime="20200618 22:48:09.439" endtime="20200618 22:48:09.523"></status>
</kw>
<doc>This test verify basic search</doc>
<tags>
<tag>Functional</tag>
</tags>
<status status="PASS" starttime="20200618 22:48:02.741" endtime="20200618 22:48:09.523" critical="yes"></status>
</test>
<doc>Basic Search Functionality</doc>
<status status="PASS" starttime="20200618 22:48:02.613" endtime="20200618 22:48:09.524"></status>
</suite>
<status status="PASS" starttime="20200618 22:48:02.612" endtime="20200618 22:48:09.525"></status>
</suite>
<suite id="s1-s3" name="Google" source="/Users/siddharth/PycharmProjects/RobotFW/Tests/Google">
<suite id="s1-s3-s1" name="GoogleSearch" source="/Users/siddharth/PycharmProjects/RobotFW/Tests/Google/GoogleSearch.robot">
<test id="s1-s3-s1-t1" name="This is sample test case">
<kw name="Open Browser" library="SeleniumLibrary">
<doc>Opens a new browser instance to the optional ``url``.</doc>
<arguments>
<arg>http://www.google.com</arg>
<arg>chrome</arg>
</arguments>
<msg timestamp="20200618 22:48:09.532" level="INFO">Opening browser 'chrome' to base url 'http://www.google.com'.</msg>
<status status="PASS" starttime="20200618 22:48:09.532" endtime="20200618 22:48:12.044"></status>
</kw>
<kw name="Close Browser" library="SeleniumLibrary">
<doc>Closes the current browser.</doc>
<status status="PASS" starttime="20200618 22:48:12.045" endtime="20200618 22:48:12.109"></status>
</kw>
<doc>Google Test</doc>
<tags>
<tag>regression</tag>
</tags>
<status status="PASS" starttime="20200618 22:48:09.531" endtime="20200618 22:48:12.110" critical="yes"></status>
</test>
<status status="PASS" starttime="20200618 22:48:09.529" endtime="20200618 22:48:12.110"></status>
</suite>
<status status="PASS" starttime="20200618 22:48:09.526" endtime="20200618 22:48:12.112"></status>
</suite>
<suite id="s1-s4" name="VariableScope" source="/Users/siddharth/PycharmProjects/RobotFW/Tests/VariableScope.robot">
<test id="s1-s4-t1" name="This is demo test 1">
<kw name="Set Variable" library="BuiltIn">
<doc>Returns the given values which can then be assigned to a variables.</doc>
<arguments>
<arg>This is TESTCASE Variable</arg>
</arguments>
<assign>
<var>${variable_demo}</var>
</assign>
<msg timestamp="20200618 22:48:12.116" level="INFO">${variable_demo} = This is TESTCASE Variable</msg>
<status status="PASS" starttime="20200618 22:48:12.115" endtime="20200618 22:48:12.116"></status>
</kw>
<kw name="Log" library="BuiltIn">
<doc>Logs the given message with the given level.</doc>
<arguments>
<arg>$(variable_demo)</arg>
</arguments>
<msg timestamp="20200618 22:48:12.116" level="INFO">$(variable_demo)</msg>
<status status="PASS" starttime="20200618 22:48:12.116" endtime="20200618 22:48:12.116"></status>
</kw>
<status status="PASS" starttime="20200618 22:48:12.115" endtime="20200618 22:48:12.116" critical="yes"></status>
</test>
<test id="s1-s4-t2" name="This is demo test 2">
<kw name="Log" library="BuiltIn">
<doc>Logs the given message with the given level.</doc>
<arguments>
<arg>$(VARIABLE_DEMO)</arg>
</arguments>
<msg timestamp="20200618 22:48:12.117" level="INFO">$(VARIABLE_DEMO)</msg>
<status status="PASS" starttime="20200618 22:48:12.117" endtime="20200618 22:48:12.117"></status>
</kw>
<status status="PASS" starttime="20200618 22:48:12.116" endtime="20200618 22:48:12.117" critical="yes"></status>
</test>
<status status="PASS" starttime="20200618 22:48:12.113" endtime="20200618 22:48:12.117"></status>
</suite>
<status status="PASS" starttime="20200618 22:48:02.591" endtime="20200618 22:48:12.119"></status>
</suite>
<statistics>
<total>
<stat pass="5" fail="0">Critical Tests</stat>
<stat pass="5" fail="0">All Tests</stat>
</total>
<tag>
<stat pass="1" fail="0">Functional</stat>
<stat pass="1" fail="0">regression</stat>
</tag>
<suite>
<stat pass="5" fail="0" id="s1" name="Tests">Tests</stat>
<stat pass="1" fail="0" id="s1-s1" name="ArgumentsDemo">Tests.ArgumentsDemo</stat>
<stat pass="1" fail="0" id="s1-s2" name="eBay">Tests.eBay</stat>
<stat pass="1" fail="0" id="s1-s2-s1" name="BasicSearch">Tests.eBay.BasicSearch</stat>
<stat pass="1" fail="0" id="s1-s3" name="Google">Tests.Google</stat>
<stat pass="1" fail="0" id="s1-s3-s1" name="GoogleSearch">Tests.Google.GoogleSearch</stat>
<stat pass="2" fail="0" id="s1-s4" name="VariableScope">Tests.VariableScope</stat>
</suite>
</statistics>
<errors>
</errors>
</robot>
